<?xml version="1.0" encoding="UTF-8"?>
<trace:TraceModel xmi:version="2.0"
    xmlns:xmi="http://www.omg.org/XMI"
    xmlns:trace="http://www.eclipse.org/gmf/2006/Trace">
  <nodeTraces
      visualID="2001"
      queryText="(let _eClass_:ecore::EClass = modelFacet.metaClass.ecoreClass in _eClass_.ePackage.nsURI = 'http://comrel/0.1' and _eClass_.name = 'SingleInputPort') and (let _containmentMF_:ecore::EStructuralFeature = modelFacet.containmentMetaFeature.ecoreFeature in (let _eClass_:ecore::EClass = _containmentMF_.eContainingClass in _eClass_.ePackage.nsURI = 'http://comrel/0.1' and _eClass_.name = 'ModelRefactoring') and _containmentMF_.name = 'inputPorts')">
    <nodeLabelTraces
        visualID="5001"
        queryText="true"/>
  </nodeTraces>
  <nodeTraces
      visualID="2002"
      queryText="(let _eClass_:ecore::EClass = modelFacet.metaClass.ecoreClass in _eClass_.ePackage.nsURI = 'http://comrel/0.1' and _eClass_.name = 'CartesianQueuedUnit') and (let _containmentMF_:ecore::EStructuralFeature = modelFacet.containmentMetaFeature.ecoreFeature in (let _eClass_:ecore::EClass = _containmentMF_.eContainingClass in _eClass_.ePackage.nsURI = 'http://comrel/0.1' and _eClass_.name = 'CompositeRefactoring') and _containmentMF_.name = 'mainRefactoringUnit')">
    <nodeLabelTraces
        visualID="5080"
        queryText="true"/>
    <compartmentTraces
        visualID="7001"
        queryText="true"/>
    <compartmentTraces
        visualID="7002"
        queryText="true"/>
  </nodeTraces>
  <nodeTraces
      visualID="2003"
      queryText="(let _eClass_:ecore::EClass = modelFacet.metaClass.ecoreClass in _eClass_.ePackage.nsURI = 'http://comrel/0.1' and _eClass_.name = 'ParallelQueuedUnit') and (let _containmentMF_:ecore::EStructuralFeature = modelFacet.containmentMetaFeature.ecoreFeature in (let _eClass_:ecore::EClass = _containmentMF_.eContainingClass in _eClass_.ePackage.nsURI = 'http://comrel/0.1' and _eClass_.name = 'CompositeRefactoring') and _containmentMF_.name = 'mainRefactoringUnit')">
    <nodeLabelTraces
        visualID="5081"
        queryText="true"/>
    <compartmentTraces
        visualID="7075"
        queryText="true"/>
    <compartmentTraces
        visualID="7076"
        queryText="true"/>
  </nodeTraces>
  <nodeTraces
      visualID="2004"
      queryText="(let _eClass_:ecore::EClass = modelFacet.metaClass.ecoreClass in _eClass_.ePackage.nsURI = 'http://comrel/0.1' and _eClass_.name = 'SingleQueuedUnit') and (let _containmentMF_:ecore::EStructuralFeature = modelFacet.containmentMetaFeature.ecoreFeature in (let _eClass_:ecore::EClass = _containmentMF_.eContainingClass in _eClass_.ePackage.nsURI = 'http://comrel/0.1' and _eClass_.name = 'CompositeRefactoring') and _containmentMF_.name = 'mainRefactoringUnit')">
    <nodeLabelTraces
        visualID="5082"
        queryText="true"/>
    <compartmentTraces
        visualID="7077"
        queryText="true"/>
    <compartmentTraces
        visualID="7078"
        queryText="true"/>
  </nodeTraces>
  <nodeTraces
      visualID="2005"
      queryText="(let _eClass_:ecore::EClass = modelFacet.metaClass.ecoreClass in _eClass_.ePackage.nsURI = 'http://comrel/0.1' and _eClass_.name = 'SequentialUnit') and (let _containmentMF_:ecore::EStructuralFeature = modelFacet.containmentMetaFeature.ecoreFeature in (let _eClass_:ecore::EClass = _containmentMF_.eContainingClass in _eClass_.ePackage.nsURI = 'http://comrel/0.1' and _eClass_.name = 'CompositeRefactoring') and _containmentMF_.name = 'mainRefactoringUnit')">
    <nodeLabelTraces
        visualID="5083"
        queryText="true"/>
    <compartmentTraces
        visualID="7079"
        queryText="true"/>
    <compartmentTraces
        visualID="7080"
        queryText="true"/>
  </nodeTraces>
  <nodeTraces
      visualID="2006"
      queryText="(let _eClass_:ecore::EClass = modelFacet.metaClass.ecoreClass in _eClass_.ePackage.nsURI = 'http://comrel/0.1' and _eClass_.name = 'ConditionalUnit') and (let _containmentMF_:ecore::EStructuralFeature = modelFacet.containmentMetaFeature.ecoreFeature in (let _eClass_:ecore::EClass = _containmentMF_.eContainingClass in _eClass_.ePackage.nsURI = 'http://comrel/0.1' and _eClass_.name = 'CompositeRefactoring') and _containmentMF_.name = 'mainRefactoringUnit')">
    <nodeLabelTraces
        visualID="5084"
        queryText="true"/>
    <compartmentTraces
        visualID="7081"
        queryText="true"/>
    <compartmentTraces
        visualID="7082"
        queryText="true"/>
    <compartmentTraces
        visualID="7083"
        queryText="true"/>
    <compartmentTraces
        visualID="7084"
        queryText="true"/>
  </nodeTraces>
  <nodeTraces
      visualID="2007"
      queryText="(let _eClass_:ecore::EClass = modelFacet.metaClass.ecoreClass in _eClass_.ePackage.nsURI = 'http://comrel/0.1' and _eClass_.name = 'AtomicUnit') and (let _containmentMF_:ecore::EStructuralFeature = modelFacet.containmentMetaFeature.ecoreFeature in (let _eClass_:ecore::EClass = _containmentMF_.eContainingClass in _eClass_.ePackage.nsURI = 'http://comrel/0.1' and _eClass_.name = 'CompositeRefactoring') and _containmentMF_.name = 'mainRefactoringUnit')">
    <nodeLabelTraces
        visualID="5085"
        queryText="true"/>
  </nodeTraces>
  <childNodeTraces
      visualID="3001"
      queryText="(let _eClass_:ecore::EClass = modelFacet.metaClass.ecoreClass in _eClass_.ePackage.nsURI = 'http://comrel/0.1' and _eClass_.name = 'SingleInputPort') and (let _containmentMF_:ecore::EStructuralFeature = modelFacet.containmentMetaFeature.ecoreFeature in (let _eClass_:ecore::EClass = _containmentMF_.eContainingClass in _eClass_.ePackage.nsURI = 'http://comrel/0.1' and _eClass_.name = 'CartesianQueuedUnit') and _containmentMF_.name = 'singleInputPorts')">
    <nodeLabelTraces
        visualID="5002"
        queryText="true"/>
  </childNodeTraces>
  <childNodeTraces
      visualID="3002"
      queryText="(let _eClass_:ecore::EClass = modelFacet.metaClass.ecoreClass in _eClass_.ePackage.nsURI = 'http://comrel/0.1' and _eClass_.name = 'MultiInputPort') and (let _containmentMF_:ecore::EStructuralFeature = modelFacet.containmentMetaFeature.ecoreFeature in (let _eClass_:ecore::EClass = _containmentMF_.eContainingClass in _eClass_.ePackage.nsURI = 'http://comrel/0.1' and _eClass_.name = 'CartesianQueuedUnit') and _containmentMF_.name = 'multiInputPorts')">
    <nodeLabelTraces
        visualID="5003"
        queryText="true"/>
  </childNodeTraces>
  <childNodeTraces
      visualID="3003"
      queryText="(let _eClass_:ecore::EClass = modelFacet.metaClass.ecoreClass in _eClass_.ePackage.nsURI = 'http://comrel/0.1' and _eClass_.name = 'CartesianQueuedUnit') and (let _containmentMF_:ecore::EStructuralFeature = modelFacet.containmentMetaFeature.ecoreFeature in (let _eClass_:ecore::EClass = _containmentMF_.eContainingClass in _eClass_.ePackage.nsURI = 'http://comrel/0.1' and _eClass_.name = 'CartesianQueuedUnit') and _containmentMF_.name = 'refactoringUnit')">
    <nodeLabelTraces
        visualID="5079"
        queryText="true"/>
    <compartmentTraces
        visualID="7003"
        queryText="true"/>
    <compartmentTraces
        visualID="7004"
        queryText="true"/>
  </childNodeTraces>
  <childNodeTraces
      visualID="3004"
      queryText="(let _eClass_:ecore::EClass = modelFacet.metaClass.ecoreClass in _eClass_.ePackage.nsURI = 'http://comrel/0.1' and _eClass_.name = 'ParallelQueuedUnit') and (let _containmentMF_:ecore::EStructuralFeature = modelFacet.containmentMetaFeature.ecoreFeature in (let _eClass_:ecore::EClass = _containmentMF_.eContainingClass in _eClass_.ePackage.nsURI = 'http://comrel/0.1' and _eClass_.name = 'CartesianQueuedUnit') and _containmentMF_.name = 'refactoringUnit')">
    <nodeLabelTraces
        visualID="5078"
        queryText="true"/>
    <compartmentTraces
        visualID="7005"
        queryText="true"/>
    <compartmentTraces
        visualID="7006"
        queryText="true"/>
  </childNodeTraces>
  <childNodeTraces
      visualID="3005"
      queryText="(let _eClass_:ecore::EClass = modelFacet.metaClass.ecoreClass in _eClass_.ePackage.nsURI = 'http://comrel/0.1' and _eClass_.name = 'SingleInputPort') and (let _containmentMF_:ecore::EStructuralFeature = modelFacet.containmentMetaFeature.ecoreFeature in (let _eClass_:ecore::EClass = _containmentMF_.eContainingClass in _eClass_.ePackage.nsURI = 'http://comrel/0.1' and _eClass_.name = 'ParallelQueuedUnit') and _containmentMF_.name = 'singleInputPorts')">
    <nodeLabelTraces
        visualID="5004"
        queryText="true"/>
  </childNodeTraces>
  <childNodeTraces
      visualID="3006"
      queryText="(let _eClass_:ecore::EClass = modelFacet.metaClass.ecoreClass in _eClass_.ePackage.nsURI = 'http://comrel/0.1' and _eClass_.name = 'MultiInputPort') and (let _containmentMF_:ecore::EStructuralFeature = modelFacet.containmentMetaFeature.ecoreFeature in (let _eClass_:ecore::EClass = _containmentMF_.eContainingClass in _eClass_.ePackage.nsURI = 'http://comrel/0.1' and _eClass_.name = 'ParallelQueuedUnit') and _containmentMF_.name = 'multiInputPorts')">
    <nodeLabelTraces
        visualID="5005"
        queryText="true"/>
  </childNodeTraces>
  <childNodeTraces
      visualID="3007"
      queryText="(let _eClass_:ecore::EClass = modelFacet.metaClass.ecoreClass in _eClass_.ePackage.nsURI = 'http://comrel/0.1' and _eClass_.name = 'CartesianQueuedUnit') and (let _containmentMF_:ecore::EStructuralFeature = modelFacet.containmentMetaFeature.ecoreFeature in (let _eClass_:ecore::EClass = _containmentMF_.eContainingClass in _eClass_.ePackage.nsURI = 'http://comrel/0.1' and _eClass_.name = 'ParallelQueuedUnit') and _containmentMF_.name = 'refactoringUnits')">
    <nodeLabelTraces
        visualID="5077"
        queryText="true"/>
    <compartmentTraces
        visualID="7007"
        queryText="true"/>
    <compartmentTraces
        visualID="7008"
        queryText="true"/>
  </childNodeTraces>
  <childNodeTraces
      visualID="3008"
      queryText="(let _eClass_:ecore::EClass = modelFacet.metaClass.ecoreClass in _eClass_.ePackage.nsURI = 'http://comrel/0.1' and _eClass_.name = 'SingleFeatureUnit') and (let _containmentMF_:ecore::EStructuralFeature = modelFacet.containmentMetaFeature.ecoreFeature in (let _eClass_:ecore::EClass = _containmentMF_.eContainingClass in _eClass_.ePackage.nsURI = 'http://comrel/0.1' and _eClass_.name = 'CartesianQueuedUnit') and _containmentMF_.name = 'helperUnits')">
    <nodeLabelTraces
        visualID="5009"
        queryText="true"/>
  </childNodeTraces>
  <childNodeTraces
      visualID="3009"
      queryText="(let _eClass_:ecore::EClass = modelFacet.metaClass.ecoreClass in _eClass_.ePackage.nsURI = 'http://comrel/0.1' and _eClass_.name = 'SingleInputPort') and (let _containmentMF_:ecore::EStructuralFeature = modelFacet.containmentMetaFeature.ecoreFeature in (let _eClass_:ecore::EClass = _containmentMF_.eContainingClass in _eClass_.ePackage.nsURI = 'http://comrel/0.1' and _eClass_.name = 'SingleFeatureUnit') and _containmentMF_.name = 'inputPort')">
    <nodeLabelTraces
        visualID="5006"
        queryText="true"/>
  </childNodeTraces>
  <childNodeTraces
      visualID="3010"
      queryText="(let _eClass_:ecore::EClass = modelFacet.metaClass.ecoreClass in _eClass_.ePackage.nsURI = 'http://comrel/0.1' and _eClass_.name = 'MultiInputPort') and (let _containmentMF_:ecore::EStructuralFeature = modelFacet.containmentMetaFeature.ecoreFeature in (let _eClass_:ecore::EClass = _containmentMF_.eContainingClass in _eClass_.ePackage.nsURI = 'http://comrel/0.1' and _eClass_.name = 'SingleFeatureUnit') and _containmentMF_.name = 'secondaryInputPorts')">
    <nodeLabelTraces
        visualID="5007"
        queryText="true"/>
  </childNodeTraces>
  <childNodeTraces
      visualID="3011"
      queryText="(let _eClass_:ecore::EClass = modelFacet.metaClass.ecoreClass in _eClass_.ePackage.nsURI = 'http://comrel/0.1' and _eClass_.name = 'SingleOutputPort') and (let _containmentMF_:ecore::EStructuralFeature = modelFacet.containmentMetaFeature.ecoreFeature in (let _eClass_:ecore::EClass = _containmentMF_.eContainingClass in _eClass_.ePackage.nsURI = 'http://comrel/0.1' and _eClass_.name = 'SingleFeatureUnit') and _containmentMF_.name = 'outputPort')">
    <nodeLabelTraces
        visualID="5008"
        queryText="true"/>
  </childNodeTraces>
  <childNodeTraces
      visualID="3012"
      queryText="(let _eClass_:ecore::EClass = modelFacet.metaClass.ecoreClass in _eClass_.ePackage.nsURI = 'http://comrel/0.1' and _eClass_.name = 'MultiFeatureUnit') and (let _containmentMF_:ecore::EStructuralFeature = modelFacet.containmentMetaFeature.ecoreFeature in (let _eClass_:ecore::EClass = _containmentMF_.eContainingClass in _eClass_.ePackage.nsURI = 'http://comrel/0.1' and _eClass_.name = 'CartesianQueuedUnit') and _containmentMF_.name = 'helperUnits')">
    <nodeLabelTraces
        visualID="5013"
        queryText="true"/>
  </childNodeTraces>
  <childNodeTraces
      visualID="3013"
      queryText="(let _eClass_:ecore::EClass = modelFacet.metaClass.ecoreClass in _eClass_.ePackage.nsURI = 'http://comrel/0.1' and _eClass_.name = 'SingleInputPort') and (let _containmentMF_:ecore::EStructuralFeature = modelFacet.containmentMetaFeature.ecoreFeature in (let _eClass_:ecore::EClass = _containmentMF_.eContainingClass in _eClass_.ePackage.nsURI = 'http://comrel/0.1' and _eClass_.name = 'MultiFeatureUnit') and _containmentMF_.name = 'inputPort')">
    <nodeLabelTraces
        visualID="5010"
        queryText="true"/>
  </childNodeTraces>
  <childNodeTraces
      visualID="3014"
      queryText="(let _eClass_:ecore::EClass = modelFacet.metaClass.ecoreClass in _eClass_.ePackage.nsURI = 'http://comrel/0.1' and _eClass_.name = 'MultiInputPort') and (let _containmentMF_:ecore::EStructuralFeature = modelFacet.containmentMetaFeature.ecoreFeature in (let _eClass_:ecore::EClass = _containmentMF_.eContainingClass in _eClass_.ePackage.nsURI = 'http://comrel/0.1' and _eClass_.name = 'MultiFeatureUnit') and _containmentMF_.name = 'secondaryInputPorts')">
    <nodeLabelTraces
        visualID="5011"
        queryText="true"/>
  </childNodeTraces>
  <childNodeTraces
      visualID="3015"
      queryText="(let _eClass_:ecore::EClass = modelFacet.metaClass.ecoreClass in _eClass_.ePackage.nsURI = 'http://comrel/0.1' and _eClass_.name = 'MultiOutputPort') and (let _containmentMF_:ecore::EStructuralFeature = modelFacet.containmentMetaFeature.ecoreFeature in (let _eClass_:ecore::EClass = _containmentMF_.eContainingClass in _eClass_.ePackage.nsURI = 'http://comrel/0.1' and _eClass_.name = 'MultiFeatureUnit') and _containmentMF_.name = 'outputPort')">
    <nodeLabelTraces
        visualID="5012"
        queryText="true"/>
  </childNodeTraces>
  <childNodeTraces
      visualID="3016"
      queryText="(let _eClass_:ecore::EClass = modelFacet.metaClass.ecoreClass in _eClass_.ePackage.nsURI = 'http://comrel/0.1' and _eClass_.name = 'SingleFilterUnit') and (let _containmentMF_:ecore::EStructuralFeature = modelFacet.containmentMetaFeature.ecoreFeature in (let _eClass_:ecore::EClass = _containmentMF_.eContainingClass in _eClass_.ePackage.nsURI = 'http://comrel/0.1' and _eClass_.name = 'CartesianQueuedUnit') and _containmentMF_.name = 'helperUnits')">
    <nodeLabelTraces
        visualID="5016"
        queryText="true"/>
  </childNodeTraces>
  <childNodeTraces
      visualID="3017"
      queryText="(let _eClass_:ecore::EClass = modelFacet.metaClass.ecoreClass in _eClass_.ePackage.nsURI = 'http://comrel/0.1' and _eClass_.name = 'MultiInputPort') and (let _containmentMF_:ecore::EStructuralFeature = modelFacet.containmentMetaFeature.ecoreFeature in (let _eClass_:ecore::EClass = _containmentMF_.eContainingClass in _eClass_.ePackage.nsURI = 'http://comrel/0.1' and _eClass_.name = 'SingleFilterUnit') and _containmentMF_.name = 'inputPort')">
    <nodeLabelTraces
        visualID="5014"
        queryText="true"/>
  </childNodeTraces>
  <childNodeTraces
      visualID="3018"
      queryText="(let _eClass_:ecore::EClass = modelFacet.metaClass.ecoreClass in _eClass_.ePackage.nsURI = 'http://comrel/0.1' and _eClass_.name = 'SingleOutputPort') and (let _containmentMF_:ecore::EStructuralFeature = modelFacet.containmentMetaFeature.ecoreFeature in (let _eClass_:ecore::EClass = _containmentMF_.eContainingClass in _eClass_.ePackage.nsURI = 'http://comrel/0.1' and _eClass_.name = 'SingleFilterUnit') and _containmentMF_.name = 'outputPort')">
    <nodeLabelTraces
        visualID="5015"
        queryText="true"/>
  </childNodeTraces>
  <childNodeTraces
      visualID="3019"
      queryText="(let _eClass_:ecore::EClass = modelFacet.metaClass.ecoreClass in _eClass_.ePackage.nsURI = 'http://comrel/0.1' and _eClass_.name = 'MultiFilterUnit') and (let _containmentMF_:ecore::EStructuralFeature = modelFacet.containmentMetaFeature.ecoreFeature in (let _eClass_:ecore::EClass = _containmentMF_.eContainingClass in _eClass_.ePackage.nsURI = 'http://comrel/0.1' and _eClass_.name = 'CartesianQueuedUnit') and _containmentMF_.name = 'helperUnits')">
    <nodeLabelTraces
        visualID="5019"
        queryText="true"/>
  </childNodeTraces>
  <childNodeTraces
      visualID="3020"
      queryText="(let _eClass_:ecore::EClass = modelFacet.metaClass.ecoreClass in _eClass_.ePackage.nsURI = 'http://comrel/0.1' and _eClass_.name = 'MultiInputPort') and (let _containmentMF_:ecore::EStructuralFeature = modelFacet.containmentMetaFeature.ecoreFeature in (let _eClass_:ecore::EClass = _containmentMF_.eContainingClass in _eClass_.ePackage.nsURI = 'http://comrel/0.1' and _eClass_.name = 'MultiFilterUnit') and _containmentMF_.name = 'inputPort')">
    <nodeLabelTraces
        visualID="5017"
        queryText="true"/>
  </childNodeTraces>
  <childNodeTraces
      visualID="3021"
      queryText="(let _eClass_:ecore::EClass = modelFacet.metaClass.ecoreClass in _eClass_.ePackage.nsURI = 'http://comrel/0.1' and _eClass_.name = 'MultiOutputPort') and (let _containmentMF_:ecore::EStructuralFeature = modelFacet.containmentMetaFeature.ecoreFeature in (let _eClass_:ecore::EClass = _containmentMF_.eContainingClass in _eClass_.ePackage.nsURI = 'http://comrel/0.1' and _eClass_.name = 'MultiFilterUnit') and _containmentMF_.name = 'outputPort')">
    <nodeLabelTraces
        visualID="5018"
        queryText="true"/>
  </childNodeTraces>
  <childNodeTraces
      visualID="3022"
      queryText="(let _eClass_:ecore::EClass = modelFacet.metaClass.ecoreClass in _eClass_.ePackage.nsURI = 'http://comrel/0.1' and _eClass_.name = 'SingleQueuedUnit') and (let _containmentMF_:ecore::EStructuralFeature = modelFacet.containmentMetaFeature.ecoreFeature in (let _eClass_:ecore::EClass = _containmentMF_.eContainingClass in _eClass_.ePackage.nsURI = 'http://comrel/0.1' and _eClass_.name = 'CartesianQueuedUnit') and _containmentMF_.name = 'refactoringUnit')">
    <nodeLabelTraces
        visualID="5076"
        queryText="true"/>
    <compartmentTraces
        visualID="7009"
        queryText="true"/>
    <compartmentTraces
        visualID="7010"
        queryText="true"/>
  </childNodeTraces>
  <childNodeTraces
      visualID="3023"
      queryText="(let _eClass_:ecore::EClass = modelFacet.metaClass.ecoreClass in _eClass_.ePackage.nsURI = 'http://comrel/0.1' and _eClass_.name = 'SingleInputPort') and (let _containmentMF_:ecore::EStructuralFeature = modelFacet.containmentMetaFeature.ecoreFeature in (let _eClass_:ecore::EClass = _containmentMF_.eContainingClass in _eClass_.ePackage.nsURI = 'http://comrel/0.1' and _eClass_.name = 'SingleQueuedUnit') and _containmentMF_.name = 'singleInputPorts')">
    <nodeLabelTraces
        visualID="5020"
        queryText="true"/>
  </childNodeTraces>
  <childNodeTraces
      visualID="3024"
      queryText="(let _eClass_:ecore::EClass = modelFacet.metaClass.ecoreClass in _eClass_.ePackage.nsURI = 'http://comrel/0.1' and _eClass_.name = 'MultiInputPort') and (let _containmentMF_:ecore::EStructuralFeature = modelFacet.containmentMetaFeature.ecoreFeature in (let _eClass_:ecore::EClass = _containmentMF_.eContainingClass in _eClass_.ePackage.nsURI = 'http://comrel/0.1' and _eClass_.name = 'SingleQueuedUnit') and _containmentMF_.name = 'multiInputPort')">
    <nodeLabelTraces
        visualID="5021"
        queryText="true"/>
  </childNodeTraces>
  <childNodeTraces
      visualID="3025"
      queryText="(let _eClass_:ecore::EClass = modelFacet.metaClass.ecoreClass in _eClass_.ePackage.nsURI = 'http://comrel/0.1' and _eClass_.name = 'CartesianQueuedUnit') and (let _containmentMF_:ecore::EStructuralFeature = modelFacet.containmentMetaFeature.ecoreFeature in (let _eClass_:ecore::EClass = _containmentMF_.eContainingClass in _eClass_.ePackage.nsURI = 'http://comrel/0.1' and _eClass_.name = 'SingleQueuedUnit') and _containmentMF_.name = 'refactoringUnit')">
    <nodeLabelTraces
        visualID="5075"
        queryText="true"/>
    <compartmentTraces
        visualID="7011"
        queryText="true"/>
    <compartmentTraces
        visualID="7012"
        queryText="true"/>
  </childNodeTraces>
  <childNodeTraces
      visualID="3026"
      queryText="(let _eClass_:ecore::EClass = modelFacet.metaClass.ecoreClass in _eClass_.ePackage.nsURI = 'http://comrel/0.1' and _eClass_.name = 'SequentialUnit') and (let _containmentMF_:ecore::EStructuralFeature = modelFacet.containmentMetaFeature.ecoreFeature in (let _eClass_:ecore::EClass = _containmentMF_.eContainingClass in _eClass_.ePackage.nsURI = 'http://comrel/0.1' and _eClass_.name = 'CartesianQueuedUnit') and _containmentMF_.name = 'refactoringUnit')">
    <nodeLabelTraces
        visualID="5074"
        queryText="true"/>
    <compartmentTraces
        visualID="7013"
        queryText="true"/>
    <compartmentTraces
        visualID="7014"
        queryText="true"/>
  </childNodeTraces>
  <childNodeTraces
      visualID="3027"
      queryText="(let _eClass_:ecore::EClass = modelFacet.metaClass.ecoreClass in _eClass_.ePackage.nsURI = 'http://comrel/0.1' and _eClass_.name = 'SingleInputPort') and (let _containmentMF_:ecore::EStructuralFeature = modelFacet.containmentMetaFeature.ecoreFeature in (let _eClass_:ecore::EClass = _containmentMF_.eContainingClass in _eClass_.ePackage.nsURI = 'http://comrel/0.1' and _eClass_.name = 'SequentialUnit') and _containmentMF_.name = 'inputPorts')">
    <nodeLabelTraces
        visualID="5022"
        queryText="true"/>
  </childNodeTraces>
  <childNodeTraces
      visualID="3028"
      queryText="(let _eClass_:ecore::EClass = modelFacet.metaClass.ecoreClass in _eClass_.ePackage.nsURI = 'http://comrel/0.1' and _eClass_.name = 'MultiInputPort') and (let _containmentMF_:ecore::EStructuralFeature = modelFacet.containmentMetaFeature.ecoreFeature in (let _eClass_:ecore::EClass = _containmentMF_.eContainingClass in _eClass_.ePackage.nsURI = 'http://comrel/0.1' and _eClass_.name = 'SequentialUnit') and _containmentMF_.name = 'inputPorts')">
    <nodeLabelTraces
        visualID="5023"
        queryText="true"/>
  </childNodeTraces>
  <childNodeTraces
      visualID="3029"
      queryText="(let _eClass_:ecore::EClass = modelFacet.metaClass.ecoreClass in _eClass_.ePackage.nsURI = 'http://comrel/0.1' and _eClass_.name = 'CartesianQueuedUnit') and (let _containmentMF_:ecore::EStructuralFeature = modelFacet.containmentMetaFeature.ecoreFeature in (let _eClass_:ecore::EClass = _containmentMF_.eContainingClass in _eClass_.ePackage.nsURI = 'http://comrel/0.1' and _eClass_.name = 'SequentialUnit') and _containmentMF_.name = 'refactoringUnits')">
    <nodeLabelTraces
        visualID="5073"
        queryText="true"/>
    <compartmentTraces
        visualID="7015"
        queryText="true"/>
    <compartmentTraces
        visualID="7016"
        queryText="true"/>
  </childNodeTraces>
  <childNodeTraces
      visualID="3030"
      queryText="(let _eClass_:ecore::EClass = modelFacet.metaClass.ecoreClass in _eClass_.ePackage.nsURI = 'http://comrel/0.1' and _eClass_.name = 'ConditionalUnit') and (let _containmentMF_:ecore::EStructuralFeature = modelFacet.containmentMetaFeature.ecoreFeature in (let _eClass_:ecore::EClass = _containmentMF_.eContainingClass in _eClass_.ePackage.nsURI = 'http://comrel/0.1' and _eClass_.name = 'CartesianQueuedUnit') and _containmentMF_.name = 'refactoringUnit')">
    <nodeLabelTraces
        visualID="5072"
        queryText="true"/>
    <compartmentTraces
        visualID="7017"
        queryText="true"/>
    <compartmentTraces
        visualID="7018"
        queryText="true"/>
    <compartmentTraces
        visualID="7019"
        queryText="true"/>
    <compartmentTraces
        visualID="7020"
        queryText="true"/>
  </childNodeTraces>
  <childNodeTraces
      visualID="3031"
      queryText="(let _eClass_:ecore::EClass = modelFacet.metaClass.ecoreClass in _eClass_.ePackage.nsURI = 'http://comrel/0.1' and _eClass_.name = 'SingleInputPort') and (let _containmentMF_:ecore::EStructuralFeature = modelFacet.containmentMetaFeature.ecoreFeature in (let _eClass_:ecore::EClass = _containmentMF_.eContainingClass in _eClass_.ePackage.nsURI = 'http://comrel/0.1' and _eClass_.name = 'ConditionalUnit') and _containmentMF_.name = 'inputPorts')">
    <nodeLabelTraces
        visualID="5024"
        queryText="true"/>
  </childNodeTraces>
  <childNodeTraces
      visualID="3032"
      queryText="(let _eClass_:ecore::EClass = modelFacet.metaClass.ecoreClass in _eClass_.ePackage.nsURI = 'http://comrel/0.1' and _eClass_.name = 'MultiInputPort') and (let _containmentMF_:ecore::EStructuralFeature = modelFacet.containmentMetaFeature.ecoreFeature in (let _eClass_:ecore::EClass = _containmentMF_.eContainingClass in _eClass_.ePackage.nsURI = 'http://comrel/0.1' and _eClass_.name = 'ConditionalUnit') and _containmentMF_.name = 'inputPorts')">
    <nodeLabelTraces
        visualID="5025"
        queryText="true"/>
  </childNodeTraces>
  <childNodeTraces
      visualID="3033"
      queryText="(let _eClass_:ecore::EClass = modelFacet.metaClass.ecoreClass in _eClass_.ePackage.nsURI = 'http://comrel/0.1' and _eClass_.name = 'CartesianQueuedUnit') and (let _containmentMF_:ecore::EStructuralFeature = modelFacet.containmentMetaFeature.ecoreFeature in (let _eClass_:ecore::EClass = _containmentMF_.eContainingClass in _eClass_.ePackage.nsURI = 'http://comrel/0.1' and _eClass_.name = 'ConditionalUnit') and _containmentMF_.name = 'then')">
    <nodeLabelTraces
        visualID="5028"
        queryText="true"/>
    <compartmentTraces
        visualID="7021"
        queryText="true"/>
    <compartmentTraces
        visualID="7022"
        queryText="true"/>
  </childNodeTraces>
  <childNodeTraces
      visualID="3034"
      queryText="(let _eClass_:ecore::EClass = modelFacet.metaClass.ecoreClass in _eClass_.ePackage.nsURI = 'http://comrel/0.1' and _eClass_.name = 'AtomicUnit') and (let _containmentMF_:ecore::EStructuralFeature = modelFacet.containmentMetaFeature.ecoreFeature in (let _eClass_:ecore::EClass = _containmentMF_.eContainingClass in _eClass_.ePackage.nsURI = 'http://comrel/0.1' and _eClass_.name = 'CartesianQueuedUnit') and _containmentMF_.name = 'refactoringUnit')">
    <nodeLabelTraces
        visualID="5027"
        queryText="true"/>
  </childNodeTraces>
  <childNodeTraces
      visualID="3035"
      queryText="(let _eClass_:ecore::EClass = modelFacet.metaClass.ecoreClass in _eClass_.ePackage.nsURI = 'http://comrel/0.1' and _eClass_.name = 'SingleInputPort') and (let _containmentMF_:ecore::EStructuralFeature = modelFacet.containmentMetaFeature.ecoreFeature in (let _eClass_:ecore::EClass = _containmentMF_.eContainingClass in _eClass_.ePackage.nsURI = 'http://comrel/0.1' and _eClass_.name = 'AtomicUnit') and _containmentMF_.name = 'inputPorts')">
    <nodeLabelTraces
        visualID="5026"
        queryText="true"/>
  </childNodeTraces>
  <childNodeTraces
      visualID="3036"
      queryText="(let _eClass_:ecore::EClass = modelFacet.metaClass.ecoreClass in _eClass_.ePackage.nsURI = 'http://comrel/0.1' and _eClass_.name = 'ParallelQueuedUnit') and (let _containmentMF_:ecore::EStructuralFeature = modelFacet.containmentMetaFeature.ecoreFeature in (let _eClass_:ecore::EClass = _containmentMF_.eContainingClass in _eClass_.ePackage.nsURI = 'http://comrel/0.1' and _eClass_.name = 'ConditionalUnit') and _containmentMF_.name = 'then')">
    <nodeLabelTraces
        visualID="5071"
        queryText="true"/>
    <compartmentTraces
        visualID="7023"
        queryText="true"/>
    <compartmentTraces
        visualID="7024"
        queryText="true"/>
  </childNodeTraces>
  <childNodeTraces
      visualID="3037"
      queryText="(let _eClass_:ecore::EClass = modelFacet.metaClass.ecoreClass in _eClass_.ePackage.nsURI = 'http://comrel/0.1' and _eClass_.name = 'ParallelQueuedUnit') and (let _containmentMF_:ecore::EStructuralFeature = modelFacet.containmentMetaFeature.ecoreFeature in (let _eClass_:ecore::EClass = _containmentMF_.eContainingClass in _eClass_.ePackage.nsURI = 'http://comrel/0.1' and _eClass_.name = 'ParallelQueuedUnit') and _containmentMF_.name = 'refactoringUnits')">
    <nodeLabelTraces
        visualID="5070"
        queryText="true"/>
    <compartmentTraces
        visualID="7025"
        queryText="true"/>
    <compartmentTraces
        visualID="7026"
        queryText="true"/>
  </childNodeTraces>
  <childNodeTraces
      visualID="3038"
      queryText="(let _eClass_:ecore::EClass = modelFacet.metaClass.ecoreClass in _eClass_.ePackage.nsURI = 'http://comrel/0.1' and _eClass_.name = 'SingleFeatureUnit') and (let _containmentMF_:ecore::EStructuralFeature = modelFacet.containmentMetaFeature.ecoreFeature in (let _eClass_:ecore::EClass = _containmentMF_.eContainingClass in _eClass_.ePackage.nsURI = 'http://comrel/0.1' and _eClass_.name = 'ParallelQueuedUnit') and _containmentMF_.name = 'helperUnits')">
    <nodeLabelTraces
        visualID="5029"
        queryText="true"/>
  </childNodeTraces>
  <childNodeTraces
      visualID="3039"
      queryText="(let _eClass_:ecore::EClass = modelFacet.metaClass.ecoreClass in _eClass_.ePackage.nsURI = 'http://comrel/0.1' and _eClass_.name = 'MultiFeatureUnit') and (let _containmentMF_:ecore::EStructuralFeature = modelFacet.containmentMetaFeature.ecoreFeature in (let _eClass_:ecore::EClass = _containmentMF_.eContainingClass in _eClass_.ePackage.nsURI = 'http://comrel/0.1' and _eClass_.name = 'ParallelQueuedUnit') and _containmentMF_.name = 'helperUnits')">
    <nodeLabelTraces
        visualID="5030"
        queryText="true"/>
  </childNodeTraces>
  <childNodeTraces
      visualID="3040"
      queryText="(let _eClass_:ecore::EClass = modelFacet.metaClass.ecoreClass in _eClass_.ePackage.nsURI = 'http://comrel/0.1' and _eClass_.name = 'SingleFilterUnit') and (let _containmentMF_:ecore::EStructuralFeature = modelFacet.containmentMetaFeature.ecoreFeature in (let _eClass_:ecore::EClass = _containmentMF_.eContainingClass in _eClass_.ePackage.nsURI = 'http://comrel/0.1' and _eClass_.name = 'ParallelQueuedUnit') and _containmentMF_.name = 'helperUnits')">
    <nodeLabelTraces
        visualID="5031"
        queryText="true"/>
  </childNodeTraces>
  <childNodeTraces
      visualID="3041"
      queryText="(let _eClass_:ecore::EClass = modelFacet.metaClass.ecoreClass in _eClass_.ePackage.nsURI = 'http://comrel/0.1' and _eClass_.name = 'MultiFilterUnit') and (let _containmentMF_:ecore::EStructuralFeature = modelFacet.containmentMetaFeature.ecoreFeature in (let _eClass_:ecore::EClass = _containmentMF_.eContainingClass in _eClass_.ePackage.nsURI = 'http://comrel/0.1' and _eClass_.name = 'ParallelQueuedUnit') and _containmentMF_.name = 'helperUnits')">
    <nodeLabelTraces
        visualID="5032"
        queryText="true"/>
  </childNodeTraces>
  <childNodeTraces
      visualID="3042"
      queryText="(let _eClass_:ecore::EClass = modelFacet.metaClass.ecoreClass in _eClass_.ePackage.nsURI = 'http://comrel/0.1' and _eClass_.name = 'SingleQueuedUnit') and (let _containmentMF_:ecore::EStructuralFeature = modelFacet.containmentMetaFeature.ecoreFeature in (let _eClass_:ecore::EClass = _containmentMF_.eContainingClass in _eClass_.ePackage.nsURI = 'http://comrel/0.1' and _eClass_.name = 'ParallelQueuedUnit') and _containmentMF_.name = 'refactoringUnits')">
    <nodeLabelTraces
        visualID="5069"
        queryText="true"/>
    <compartmentTraces
        visualID="7027"
        queryText="true"/>
    <compartmentTraces
        visualID="7028"
        queryText="true"/>
  </childNodeTraces>
  <childNodeTraces
      visualID="3043"
      queryText="(let _eClass_:ecore::EClass = modelFacet.metaClass.ecoreClass in _eClass_.ePackage.nsURI = 'http://comrel/0.1' and _eClass_.name = 'ParallelQueuedUnit') and (let _containmentMF_:ecore::EStructuralFeature = modelFacet.containmentMetaFeature.ecoreFeature in (let _eClass_:ecore::EClass = _containmentMF_.eContainingClass in _eClass_.ePackage.nsURI = 'http://comrel/0.1' and _eClass_.name = 'SingleQueuedUnit') and _containmentMF_.name = 'refactoringUnit')">
    <nodeLabelTraces
        visualID="5068"
        queryText="true"/>
    <compartmentTraces
        visualID="7029"
        queryText="true"/>
    <compartmentTraces
        visualID="7030"
        queryText="true"/>
  </childNodeTraces>
  <childNodeTraces
      visualID="3044"
      queryText="(let _eClass_:ecore::EClass = modelFacet.metaClass.ecoreClass in _eClass_.ePackage.nsURI = 'http://comrel/0.1' and _eClass_.name = 'SequentialUnit') and (let _containmentMF_:ecore::EStructuralFeature = modelFacet.containmentMetaFeature.ecoreFeature in (let _eClass_:ecore::EClass = _containmentMF_.eContainingClass in _eClass_.ePackage.nsURI = 'http://comrel/0.1' and _eClass_.name = 'ParallelQueuedUnit') and _containmentMF_.name = 'refactoringUnits')">
    <nodeLabelTraces
        visualID="5067"
        queryText="true"/>
    <compartmentTraces
        visualID="7031"
        queryText="true"/>
    <compartmentTraces
        visualID="7032"
        queryText="true"/>
  </childNodeTraces>
  <childNodeTraces
      visualID="3045"
      queryText="(let _eClass_:ecore::EClass = modelFacet.metaClass.ecoreClass in _eClass_.ePackage.nsURI = 'http://comrel/0.1' and _eClass_.name = 'ParallelQueuedUnit') and (let _containmentMF_:ecore::EStructuralFeature = modelFacet.containmentMetaFeature.ecoreFeature in (let _eClass_:ecore::EClass = _containmentMF_.eContainingClass in _eClass_.ePackage.nsURI = 'http://comrel/0.1' and _eClass_.name = 'SequentialUnit') and _containmentMF_.name = 'refactoringUnits')">
    <nodeLabelTraces
        visualID="5066"
        queryText="true"/>
    <compartmentTraces
        visualID="7033"
        queryText="true"/>
    <compartmentTraces
        visualID="7034"
        queryText="true"/>
  </childNodeTraces>
  <childNodeTraces
      visualID="3046"
      queryText="(let _eClass_:ecore::EClass = modelFacet.metaClass.ecoreClass in _eClass_.ePackage.nsURI = 'http://comrel/0.1' and _eClass_.name = 'ConditionalUnit') and (let _containmentMF_:ecore::EStructuralFeature = modelFacet.containmentMetaFeature.ecoreFeature in (let _eClass_:ecore::EClass = _containmentMF_.eContainingClass in _eClass_.ePackage.nsURI = 'http://comrel/0.1' and _eClass_.name = 'ParallelQueuedUnit') and _containmentMF_.name = 'refactoringUnits')">
    <nodeLabelTraces
        visualID="5065"
        queryText="true"/>
    <compartmentTraces
        visualID="7035"
        queryText="true"/>
    <compartmentTraces
        visualID="7036"
        queryText="true"/>
    <compartmentTraces
        visualID="7037"
        queryText="true"/>
    <compartmentTraces
        visualID="7038"
        queryText="true"/>
  </childNodeTraces>
  <childNodeTraces
      visualID="3047"
      queryText="(let _eClass_:ecore::EClass = modelFacet.metaClass.ecoreClass in _eClass_.ePackage.nsURI = 'http://comrel/0.1' and _eClass_.name = 'CartesianQueuedUnit') and (let _containmentMF_:ecore::EStructuralFeature = modelFacet.containmentMetaFeature.ecoreFeature in (let _eClass_:ecore::EClass = _containmentMF_.eContainingClass in _eClass_.ePackage.nsURI = 'http://comrel/0.1' and _eClass_.name = 'ConditionalUnit') and _containmentMF_.name = 'else')">
    <nodeLabelTraces
        visualID="5033"
        queryText="true"/>
    <compartmentTraces
        visualID="7039"
        queryText="true"/>
    <compartmentTraces
        visualID="7040"
        queryText="true"/>
  </childNodeTraces>
  <childNodeTraces
      visualID="3048"
      queryText="(let _eClass_:ecore::EClass = modelFacet.metaClass.ecoreClass in _eClass_.ePackage.nsURI = 'http://comrel/0.1' and _eClass_.name = 'ParallelQueuedUnit') and (let _containmentMF_:ecore::EStructuralFeature = modelFacet.containmentMetaFeature.ecoreFeature in (let _eClass_:ecore::EClass = _containmentMF_.eContainingClass in _eClass_.ePackage.nsURI = 'http://comrel/0.1' and _eClass_.name = 'ConditionalUnit') and _containmentMF_.name = 'else')">
    <nodeLabelTraces
        visualID="5035"
        queryText="true"/>
    <compartmentTraces
        visualID="7041"
        queryText="true"/>
    <compartmentTraces
        visualID="7042"
        queryText="true"/>
  </childNodeTraces>
  <childNodeTraces
      visualID="3049"
      queryText="(let _eClass_:ecore::EClass = modelFacet.metaClass.ecoreClass in _eClass_.ePackage.nsURI = 'http://comrel/0.1' and _eClass_.name = 'AtomicUnit') and (let _containmentMF_:ecore::EStructuralFeature = modelFacet.containmentMetaFeature.ecoreFeature in (let _eClass_:ecore::EClass = _containmentMF_.eContainingClass in _eClass_.ePackage.nsURI = 'http://comrel/0.1' and _eClass_.name = 'ParallelQueuedUnit') and _containmentMF_.name = 'refactoringUnits')">
    <nodeLabelTraces
        visualID="5034"
        queryText="true"/>
  </childNodeTraces>
  <childNodeTraces
      visualID="3050"
      queryText="(let _eClass_:ecore::EClass = modelFacet.metaClass.ecoreClass in _eClass_.ePackage.nsURI = 'http://comrel/0.1' and _eClass_.name = 'SingleFeatureUnit') and (let _containmentMF_:ecore::EStructuralFeature = modelFacet.containmentMetaFeature.ecoreFeature in (let _eClass_:ecore::EClass = _containmentMF_.eContainingClass in _eClass_.ePackage.nsURI = 'http://comrel/0.1' and _eClass_.name = 'ConditionalUnit') and _containmentMF_.name = 'helperUnits')">
    <nodeLabelTraces
        visualID="5036"
        queryText="true"/>
  </childNodeTraces>
  <childNodeTraces
      visualID="3051"
      queryText="(let _eClass_:ecore::EClass = modelFacet.metaClass.ecoreClass in _eClass_.ePackage.nsURI = 'http://comrel/0.1' and _eClass_.name = 'MultiFeatureUnit') and (let _containmentMF_:ecore::EStructuralFeature = modelFacet.containmentMetaFeature.ecoreFeature in (let _eClass_:ecore::EClass = _containmentMF_.eContainingClass in _eClass_.ePackage.nsURI = 'http://comrel/0.1' and _eClass_.name = 'ConditionalUnit') and _containmentMF_.name = 'helperUnits')">
    <nodeLabelTraces
        visualID="5037"
        queryText="true"/>
  </childNodeTraces>
  <childNodeTraces
      visualID="3052"
      queryText="(let _eClass_:ecore::EClass = modelFacet.metaClass.ecoreClass in _eClass_.ePackage.nsURI = 'http://comrel/0.1' and _eClass_.name = 'SingleFilterUnit') and (let _containmentMF_:ecore::EStructuralFeature = modelFacet.containmentMetaFeature.ecoreFeature in (let _eClass_:ecore::EClass = _containmentMF_.eContainingClass in _eClass_.ePackage.nsURI = 'http://comrel/0.1' and _eClass_.name = 'ConditionalUnit') and _containmentMF_.name = 'helperUnits')">
    <nodeLabelTraces
        visualID="5038"
        queryText="true"/>
  </childNodeTraces>
  <childNodeTraces
      visualID="3053"
      queryText="(let _eClass_:ecore::EClass = modelFacet.metaClass.ecoreClass in _eClass_.ePackage.nsURI = 'http://comrel/0.1' and _eClass_.name = 'MultiFilterUnit') and (let _containmentMF_:ecore::EStructuralFeature = modelFacet.containmentMetaFeature.ecoreFeature in (let _eClass_:ecore::EClass = _containmentMF_.eContainingClass in _eClass_.ePackage.nsURI = 'http://comrel/0.1' and _eClass_.name = 'ConditionalUnit') and _containmentMF_.name = 'helperUnits')">
    <nodeLabelTraces
        visualID="5039"
        queryText="true"/>
  </childNodeTraces>
  <childNodeTraces
      visualID="3054"
      queryText="(let _eClass_:ecore::EClass = modelFacet.metaClass.ecoreClass in _eClass_.ePackage.nsURI = 'http://comrel/0.1' and _eClass_.name = 'SingleQueuedUnit') and (let _containmentMF_:ecore::EStructuralFeature = modelFacet.containmentMetaFeature.ecoreFeature in (let _eClass_:ecore::EClass = _containmentMF_.eContainingClass in _eClass_.ePackage.nsURI = 'http://comrel/0.1' and _eClass_.name = 'ConditionalUnit') and _containmentMF_.name = 'then')">
    <nodeLabelTraces
        visualID="5064"
        queryText="true"/>
    <compartmentTraces
        visualID="7043"
        queryText="true"/>
    <compartmentTraces
        visualID="7044"
        queryText="true"/>
  </childNodeTraces>
  <childNodeTraces
      visualID="3055"
      queryText="(let _eClass_:ecore::EClass = modelFacet.metaClass.ecoreClass in _eClass_.ePackage.nsURI = 'http://comrel/0.1' and _eClass_.name = 'SingleFeatureUnit') and (let _containmentMF_:ecore::EStructuralFeature = modelFacet.containmentMetaFeature.ecoreFeature in (let _eClass_:ecore::EClass = _containmentMF_.eContainingClass in _eClass_.ePackage.nsURI = 'http://comrel/0.1' and _eClass_.name = 'SingleQueuedUnit') and _containmentMF_.name = 'helperUnits')">
    <nodeLabelTraces
        visualID="5040"
        queryText="true"/>
  </childNodeTraces>
  <childNodeTraces
      visualID="3056"
      queryText="(let _eClass_:ecore::EClass = modelFacet.metaClass.ecoreClass in _eClass_.ePackage.nsURI = 'http://comrel/0.1' and _eClass_.name = 'MultiFeatureUnit') and (let _containmentMF_:ecore::EStructuralFeature = modelFacet.containmentMetaFeature.ecoreFeature in (let _eClass_:ecore::EClass = _containmentMF_.eContainingClass in _eClass_.ePackage.nsURI = 'http://comrel/0.1' and _eClass_.name = 'SingleQueuedUnit') and _containmentMF_.name = 'helperUnits')">
    <nodeLabelTraces
        visualID="5041"
        queryText="true"/>
  </childNodeTraces>
  <childNodeTraces
      visualID="3057"
      queryText="(let _eClass_:ecore::EClass = modelFacet.metaClass.ecoreClass in _eClass_.ePackage.nsURI = 'http://comrel/0.1' and _eClass_.name = 'SingleFilterUnit') and (let _containmentMF_:ecore::EStructuralFeature = modelFacet.containmentMetaFeature.ecoreFeature in (let _eClass_:ecore::EClass = _containmentMF_.eContainingClass in _eClass_.ePackage.nsURI = 'http://comrel/0.1' and _eClass_.name = 'SingleQueuedUnit') and _containmentMF_.name = 'helperUnits')">
    <nodeLabelTraces
        visualID="5042"
        queryText="true"/>
  </childNodeTraces>
  <childNodeTraces
      visualID="3058"
      queryText="(let _eClass_:ecore::EClass = modelFacet.metaClass.ecoreClass in _eClass_.ePackage.nsURI = 'http://comrel/0.1' and _eClass_.name = 'MultiFilterUnit') and (let _containmentMF_:ecore::EStructuralFeature = modelFacet.containmentMetaFeature.ecoreFeature in (let _eClass_:ecore::EClass = _containmentMF_.eContainingClass in _eClass_.ePackage.nsURI = 'http://comrel/0.1' and _eClass_.name = 'SingleQueuedUnit') and _containmentMF_.name = 'helperUnits')">
    <nodeLabelTraces
        visualID="5043"
        queryText="true"/>
  </childNodeTraces>
  <childNodeTraces
      visualID="3059"
      queryText="(let _eClass_:ecore::EClass = modelFacet.metaClass.ecoreClass in _eClass_.ePackage.nsURI = 'http://comrel/0.1' and _eClass_.name = 'SingleQueuedUnit') and (let _containmentMF_:ecore::EStructuralFeature = modelFacet.containmentMetaFeature.ecoreFeature in (let _eClass_:ecore::EClass = _containmentMF_.eContainingClass in _eClass_.ePackage.nsURI = 'http://comrel/0.1' and _eClass_.name = 'SingleQueuedUnit') and _containmentMF_.name = 'refactoringUnit')">
    <nodeLabelTraces
        visualID="5063"
        queryText="true"/>
    <compartmentTraces
        visualID="7045"
        queryText="true"/>
    <compartmentTraces
        visualID="7046"
        queryText="true"/>
  </childNodeTraces>
  <childNodeTraces
      visualID="3060"
      queryText="(let _eClass_:ecore::EClass = modelFacet.metaClass.ecoreClass in _eClass_.ePackage.nsURI = 'http://comrel/0.1' and _eClass_.name = 'SequentialUnit') and (let _containmentMF_:ecore::EStructuralFeature = modelFacet.containmentMetaFeature.ecoreFeature in (let _eClass_:ecore::EClass = _containmentMF_.eContainingClass in _eClass_.ePackage.nsURI = 'http://comrel/0.1' and _eClass_.name = 'SingleQueuedUnit') and _containmentMF_.name = 'refactoringUnit')">
    <nodeLabelTraces
        visualID="5062"
        queryText="true"/>
    <compartmentTraces
        visualID="7047"
        queryText="true"/>
    <compartmentTraces
        visualID="7048"
        queryText="true"/>
  </childNodeTraces>
  <childNodeTraces
      visualID="3061"
      queryText="(let _eClass_:ecore::EClass = modelFacet.metaClass.ecoreClass in _eClass_.ePackage.nsURI = 'http://comrel/0.1' and _eClass_.name = 'SingleFeatureUnit') and (let _containmentMF_:ecore::EStructuralFeature = modelFacet.containmentMetaFeature.ecoreFeature in (let _eClass_:ecore::EClass = _containmentMF_.eContainingClass in _eClass_.ePackage.nsURI = 'http://comrel/0.1' and _eClass_.name = 'SequentialUnit') and _containmentMF_.name = 'helperUnits')">
    <nodeLabelTraces
        visualID="5044"
        queryText="true"/>
  </childNodeTraces>
  <childNodeTraces
      visualID="3062"
      queryText="(let _eClass_:ecore::EClass = modelFacet.metaClass.ecoreClass in _eClass_.ePackage.nsURI = 'http://comrel/0.1' and _eClass_.name = 'MultiFeatureUnit') and (let _containmentMF_:ecore::EStructuralFeature = modelFacet.containmentMetaFeature.ecoreFeature in (let _eClass_:ecore::EClass = _containmentMF_.eContainingClass in _eClass_.ePackage.nsURI = 'http://comrel/0.1' and _eClass_.name = 'SequentialUnit') and _containmentMF_.name = 'helperUnits')">
    <nodeLabelTraces
        visualID="5045"
        queryText="true"/>
  </childNodeTraces>
  <childNodeTraces
      visualID="3063"
      queryText="(let _eClass_:ecore::EClass = modelFacet.metaClass.ecoreClass in _eClass_.ePackage.nsURI = 'http://comrel/0.1' and _eClass_.name = 'SingleFilterUnit') and (let _containmentMF_:ecore::EStructuralFeature = modelFacet.containmentMetaFeature.ecoreFeature in (let _eClass_:ecore::EClass = _containmentMF_.eContainingClass in _eClass_.ePackage.nsURI = 'http://comrel/0.1' and _eClass_.name = 'SequentialUnit') and _containmentMF_.name = 'helperUnits')">
    <nodeLabelTraces
        visualID="5046"
        queryText="true"/>
  </childNodeTraces>
  <childNodeTraces
      visualID="3064"
      queryText="(let _eClass_:ecore::EClass = modelFacet.metaClass.ecoreClass in _eClass_.ePackage.nsURI = 'http://comrel/0.1' and _eClass_.name = 'MultiFilterUnit') and (let _containmentMF_:ecore::EStructuralFeature = modelFacet.containmentMetaFeature.ecoreFeature in (let _eClass_:ecore::EClass = _containmentMF_.eContainingClass in _eClass_.ePackage.nsURI = 'http://comrel/0.1' and _eClass_.name = 'SequentialUnit') and _containmentMF_.name = 'helperUnits')">
    <nodeLabelTraces
        visualID="5047"
        queryText="true"/>
  </childNodeTraces>
  <childNodeTraces
      visualID="3065"
      queryText="(let _eClass_:ecore::EClass = modelFacet.metaClass.ecoreClass in _eClass_.ePackage.nsURI = 'http://comrel/0.1' and _eClass_.name = 'SingleQueuedUnit') and (let _containmentMF_:ecore::EStructuralFeature = modelFacet.containmentMetaFeature.ecoreFeature in (let _eClass_:ecore::EClass = _containmentMF_.eContainingClass in _eClass_.ePackage.nsURI = 'http://comrel/0.1' and _eClass_.name = 'SequentialUnit') and _containmentMF_.name = 'refactoringUnits')">
    <nodeLabelTraces
        visualID="5061"
        queryText="true"/>
    <compartmentTraces
        visualID="7049"
        queryText="true"/>
    <compartmentTraces
        visualID="7050"
        queryText="true"/>
  </childNodeTraces>
  <childNodeTraces
      visualID="3066"
      queryText="(let _eClass_:ecore::EClass = modelFacet.metaClass.ecoreClass in _eClass_.ePackage.nsURI = 'http://comrel/0.1' and _eClass_.name = 'ConditionalUnit') and (let _containmentMF_:ecore::EStructuralFeature = modelFacet.containmentMetaFeature.ecoreFeature in (let _eClass_:ecore::EClass = _containmentMF_.eContainingClass in _eClass_.ePackage.nsURI = 'http://comrel/0.1' and _eClass_.name = 'SingleQueuedUnit') and _containmentMF_.name = 'refactoringUnit')">
    <nodeLabelTraces
        visualID="5060"
        queryText="true"/>
    <compartmentTraces
        visualID="7051"
        queryText="true"/>
    <compartmentTraces
        visualID="7052"
        queryText="true"/>
    <compartmentTraces
        visualID="7053"
        queryText="true"/>
    <compartmentTraces
        visualID="7054"
        queryText="true"/>
  </childNodeTraces>
  <childNodeTraces
      visualID="3067"
      queryText="(let _eClass_:ecore::EClass = modelFacet.metaClass.ecoreClass in _eClass_.ePackage.nsURI = 'http://comrel/0.1' and _eClass_.name = 'SingleQueuedUnit') and (let _containmentMF_:ecore::EStructuralFeature = modelFacet.containmentMetaFeature.ecoreFeature in (let _eClass_:ecore::EClass = _containmentMF_.eContainingClass in _eClass_.ePackage.nsURI = 'http://comrel/0.1' and _eClass_.name = 'ConditionalUnit') and _containmentMF_.name = 'else')">
    <nodeLabelTraces
        visualID="5049"
        queryText="true"/>
    <compartmentTraces
        visualID="7055"
        queryText="true"/>
    <compartmentTraces
        visualID="7056"
        queryText="true"/>
  </childNodeTraces>
  <childNodeTraces
      visualID="3068"
      queryText="(let _eClass_:ecore::EClass = modelFacet.metaClass.ecoreClass in _eClass_.ePackage.nsURI = 'http://comrel/0.1' and _eClass_.name = 'AtomicUnit') and (let _containmentMF_:ecore::EStructuralFeature = modelFacet.containmentMetaFeature.ecoreFeature in (let _eClass_:ecore::EClass = _containmentMF_.eContainingClass in _eClass_.ePackage.nsURI = 'http://comrel/0.1' and _eClass_.name = 'SingleQueuedUnit') and _containmentMF_.name = 'refactoringUnit')">
    <nodeLabelTraces
        visualID="5048"
        queryText="true"/>
  </childNodeTraces>
  <childNodeTraces
      visualID="3069"
      queryText="(let _eClass_:ecore::EClass = modelFacet.metaClass.ecoreClass in _eClass_.ePackage.nsURI = 'http://comrel/0.1' and _eClass_.name = 'SequentialUnit') and (let _containmentMF_:ecore::EStructuralFeature = modelFacet.containmentMetaFeature.ecoreFeature in (let _eClass_:ecore::EClass = _containmentMF_.eContainingClass in _eClass_.ePackage.nsURI = 'http://comrel/0.1' and _eClass_.name = 'ConditionalUnit') and _containmentMF_.name = 'then')">
    <nodeLabelTraces
        visualID="5059"
        queryText="true"/>
    <compartmentTraces
        visualID="7057"
        queryText="true"/>
    <compartmentTraces
        visualID="7058"
        queryText="true"/>
  </childNodeTraces>
  <childNodeTraces
      visualID="3070"
      queryText="(let _eClass_:ecore::EClass = modelFacet.metaClass.ecoreClass in _eClass_.ePackage.nsURI = 'http://comrel/0.1' and _eClass_.name = 'SequentialUnit') and (let _containmentMF_:ecore::EStructuralFeature = modelFacet.containmentMetaFeature.ecoreFeature in (let _eClass_:ecore::EClass = _containmentMF_.eContainingClass in _eClass_.ePackage.nsURI = 'http://comrel/0.1' and _eClass_.name = 'SequentialUnit') and _containmentMF_.name = 'refactoringUnits')">
    <nodeLabelTraces
        visualID="5058"
        queryText="true"/>
    <compartmentTraces
        visualID="7059"
        queryText="true"/>
    <compartmentTraces
        visualID="7060"
        queryText="true"/>
  </childNodeTraces>
  <childNodeTraces
      visualID="3071"
      queryText="(let _eClass_:ecore::EClass = modelFacet.metaClass.ecoreClass in _eClass_.ePackage.nsURI = 'http://comrel/0.1' and _eClass_.name = 'ConditionalUnit') and (let _containmentMF_:ecore::EStructuralFeature = modelFacet.containmentMetaFeature.ecoreFeature in (let _eClass_:ecore::EClass = _containmentMF_.eContainingClass in _eClass_.ePackage.nsURI = 'http://comrel/0.1' and _eClass_.name = 'SequentialUnit') and _containmentMF_.name = 'refactoringUnits')">
    <nodeLabelTraces
        visualID="5057"
        queryText="true"/>
    <compartmentTraces
        visualID="7061"
        queryText="true"/>
    <compartmentTraces
        visualID="7062"
        queryText="true"/>
    <compartmentTraces
        visualID="7063"
        queryText="true"/>
    <compartmentTraces
        visualID="7064"
        queryText="true"/>
  </childNodeTraces>
  <childNodeTraces
      visualID="3072"
      queryText="(let _eClass_:ecore::EClass = modelFacet.metaClass.ecoreClass in _eClass_.ePackage.nsURI = 'http://comrel/0.1' and _eClass_.name = 'ConditionalUnit') and (let _containmentMF_:ecore::EStructuralFeature = modelFacet.containmentMetaFeature.ecoreFeature in (let _eClass_:ecore::EClass = _containmentMF_.eContainingClass in _eClass_.ePackage.nsURI = 'http://comrel/0.1' and _eClass_.name = 'ConditionalUnit') and _containmentMF_.name = 'then')">
    <nodeLabelTraces
        visualID="5056"
        queryText="true"/>
    <compartmentTraces
        visualID="7065"
        queryText="true"/>
    <compartmentTraces
        visualID="7066"
        queryText="true"/>
    <compartmentTraces
        visualID="7067"
        queryText="true"/>
    <compartmentTraces
        visualID="7068"
        queryText="true"/>
  </childNodeTraces>
  <childNodeTraces
      visualID="3073"
      queryText="(let _eClass_:ecore::EClass = modelFacet.metaClass.ecoreClass in _eClass_.ePackage.nsURI = 'http://comrel/0.1' and _eClass_.name = 'SequentialUnit') and (let _containmentMF_:ecore::EStructuralFeature = modelFacet.containmentMetaFeature.ecoreFeature in (let _eClass_:ecore::EClass = _containmentMF_.eContainingClass in _eClass_.ePackage.nsURI = 'http://comrel/0.1' and _eClass_.name = 'ConditionalUnit') and _containmentMF_.name = 'else')">
    <nodeLabelTraces
        visualID="5051"
        queryText="true"/>
    <compartmentTraces
        visualID="7069"
        queryText="true"/>
    <compartmentTraces
        visualID="7070"
        queryText="true"/>
  </childNodeTraces>
  <childNodeTraces
      visualID="3074"
      queryText="(let _eClass_:ecore::EClass = modelFacet.metaClass.ecoreClass in _eClass_.ePackage.nsURI = 'http://comrel/0.1' and _eClass_.name = 'AtomicUnit') and (let _containmentMF_:ecore::EStructuralFeature = modelFacet.containmentMetaFeature.ecoreFeature in (let _eClass_:ecore::EClass = _containmentMF_.eContainingClass in _eClass_.ePackage.nsURI = 'http://comrel/0.1' and _eClass_.name = 'SequentialUnit') and _containmentMF_.name = 'refactoringUnits')">
    <nodeLabelTraces
        visualID="5050"
        queryText="true"/>
  </childNodeTraces>
  <childNodeTraces
      visualID="3075"
      queryText="(let _eClass_:ecore::EClass = modelFacet.metaClass.ecoreClass in _eClass_.ePackage.nsURI = 'http://comrel/0.1' and _eClass_.name = 'ConditionalUnit') and (let _containmentMF_:ecore::EStructuralFeature = modelFacet.containmentMetaFeature.ecoreFeature in (let _eClass_:ecore::EClass = _containmentMF_.eContainingClass in _eClass_.ePackage.nsURI = 'http://comrel/0.1' and _eClass_.name = 'ConditionalUnit') and _containmentMF_.name = 'else')">
    <nodeLabelTraces
        visualID="5055"
        queryText="true"/>
    <compartmentTraces
        visualID="7071"
        queryText="true"/>
    <compartmentTraces
        visualID="7072"
        queryText="true"/>
    <compartmentTraces
        visualID="7073"
        queryText="true"/>
    <compartmentTraces
        visualID="7074"
        queryText="true"/>
  </childNodeTraces>
  <childNodeTraces
      visualID="3076"
      queryText="(let _eClass_:ecore::EClass = modelFacet.metaClass.ecoreClass in _eClass_.ePackage.nsURI = 'http://comrel/0.1' and _eClass_.name = 'ConditionCheck') and (let _containmentMF_:ecore::EStructuralFeature = modelFacet.containmentMetaFeature.ecoreFeature in (let _eClass_:ecore::EClass = _containmentMF_.eContainingClass in _eClass_.ePackage.nsURI = 'http://comrel/0.1' and _eClass_.name = 'ConditionalUnit') and _containmentMF_.name = 'if')">
    <nodeLabelTraces
        visualID="5052"
        queryText="true"/>
  </childNodeTraces>
  <childNodeTraces
      visualID="3077"
      queryText="(let _eClass_:ecore::EClass = modelFacet.metaClass.ecoreClass in _eClass_.ePackage.nsURI = 'http://comrel/0.1' and _eClass_.name = 'AtomicUnit') and (let _containmentMF_:ecore::EStructuralFeature = modelFacet.containmentMetaFeature.ecoreFeature in (let _eClass_:ecore::EClass = _containmentMF_.eContainingClass in _eClass_.ePackage.nsURI = 'http://comrel/0.1' and _eClass_.name = 'ConditionalUnit') and _containmentMF_.name = 'then')">
    <nodeLabelTraces
        visualID="5053"
        queryText="true"/>
  </childNodeTraces>
  <childNodeTraces
      visualID="3078"
      queryText="(let _eClass_:ecore::EClass = modelFacet.metaClass.ecoreClass in _eClass_.ePackage.nsURI = 'http://comrel/0.1' and _eClass_.name = 'AtomicUnit') and (let _containmentMF_:ecore::EStructuralFeature = modelFacet.containmentMetaFeature.ecoreFeature in (let _eClass_:ecore::EClass = _containmentMF_.eContainingClass in _eClass_.ePackage.nsURI = 'http://comrel/0.1' and _eClass_.name = 'ConditionalUnit') and _containmentMF_.name = 'else')">
    <nodeLabelTraces
        visualID="5054"
        queryText="true"/>
  </childNodeTraces>
  <linkTraces
      visualID="4001"
      queryText="modelFacet.oclIsKindOf(gmfgen::TypeLinkModelFacet) and (let _eClass_:ecore::EClass = modelFacet.oclAsType(gmfgen::TypeLinkModelFacet).metaClass.ecoreClass in _eClass_.ePackage.nsURI = 'http://comrel/0.1' and _eClass_.name = 'SinglePortMapping')"/>
  <linkTraces
      visualID="4002"
      queryText="modelFacet.oclIsKindOf(gmfgen::TypeLinkModelFacet) and (let _eClass_:ecore::EClass = modelFacet.oclAsType(gmfgen::TypeLinkModelFacet).metaClass.ecoreClass in _eClass_.ePackage.nsURI = 'http://comrel/0.1' and _eClass_.name = 'MultiPortMapping')"/>
  <linkTraces
      visualID="4003"
      queryText="modelFacet.oclIsKindOf(gmfgen::TypeLinkModelFacet) and (let _eClass_:ecore::EClass = modelFacet.oclAsType(gmfgen::TypeLinkModelFacet).metaClass.ecoreClass in _eClass_.ePackage.nsURI = 'http://comrel/0.1' and _eClass_.name = 'MultiSinglePortMapping')"/>
</trace:TraceModel>
